
*** Running vivado
    with args -log main.vds -m64 -product Vivado -mode batch -messageDb vivado.pb -notrace -source main.tcl


****** Vivado v2019.2 (64-bit)
  **** SW Build 2708876 on Wed Nov  6 21:40:23 MST 2019
  **** IP Build 2700528 on Thu Nov  7 00:09:20 MST 2019
    ** Copyright 1986-2019 Xilinx, Inc. All Rights Reserved.

source main.tcl -notrace
Command: synth_design -top main -part xc7a100tcsg324-1 -flatten_hierarchy none -directive RuntimeOptimized -fsm_extraction off
Starting synth_design
Attempting to get a license for feature 'Synthesis' and/or device 'xc7a100t'
INFO: [Common 17-349] Got license for feature 'Synthesis' and/or device 'xc7a100t'
INFO: [Device 21-403] Loading part xc7a100tcsg324-1
INFO: Launching helper process for spawning children vivado processes
INFO: Helper process launched with PID 9744 
---------------------------------------------------------------------------------
Starting RTL Elaboration : Time (s): cpu = 00:00:05 ; elapsed = 00:00:07 . Memory (MB): peak = 813.891 ; gain = 233.715
---------------------------------------------------------------------------------
INFO: [Synth 8-638] synthesizing module 'main' [E:/Vivado/Projects/ANN/ANN.srcs/sources_1/new/main.vhd:16]
INFO: [Synth 8-638] synthesizing module 'network' [E:/Vivado/Projects/ANN/ANN.srcs/sources_1/new/network.vhd:13]
	Parameter imgSize bound to: 20 - type: integer 
INFO: [Synth 8-638] synthesizing module 'first_layer' [E:/Vivado/Projects/ANN/ANN.srcs/sources_1/new/first_layer.vhd:15]
	Parameter imgSize bound to: 20 - type: integer 
INFO: [Synth 8-256] done synthesizing module 'first_layer' (1#1) [E:/Vivado/Projects/ANN/ANN.srcs/sources_1/new/first_layer.vhd:15]
INFO: [Synth 8-638] synthesizing module 'hiddenLayer' [E:/Vivado/Projects/ANN/ANN.srcs/sources_1/new/hiddenLayer.vhd:15]
	Parameter numNeurons bound to: 10 - type: integer 
	Parameter numInputs bound to: 400 - type: integer 
INFO: [Synth 8-638] synthesizing module 'matrixMultiplication' [E:/Vivado/Projects/ANN/ANN.srcs/sources_1/new/matrixMultiplication.vhd:16]
	Parameter C1 bound to: 10 - type: integer 
	Parameter R1 bound to: 400 - type: integer 
	Parameter C2 bound to: 400 - type: integer 
	Parameter R2 bound to: 2 - type: integer 
INFO: [Synth 8-256] done synthesizing module 'matrixMultiplication' (2#1) [E:/Vivado/Projects/ANN/ANN.srcs/sources_1/new/matrixMultiplication.vhd:16]
INFO: [Synth 8-638] synthesizing module 'reLu' [E:/Vivado/Projects/ANN/ANN.srcs/sources_1/new/reLu.vhd:9]
INFO: [Synth 8-256] done synthesizing module 'reLu' (3#1) [E:/Vivado/Projects/ANN/ANN.srcs/sources_1/new/reLu.vhd:9]
INFO: [Synth 8-256] done synthesizing module 'hiddenLayer' (4#1) [E:/Vivado/Projects/ANN/ANN.srcs/sources_1/new/hiddenLayer.vhd:15]
INFO: [Synth 8-638] synthesizing module 'outputLayer' [E:/Vivado/Projects/ANN/ANN.srcs/sources_1/new/ouputLayer.vhd:15]
	Parameter numNeurons bound to: 10 - type: integer 
	Parameter numInputs bound to: 10 - type: integer 
INFO: [Synth 8-638] synthesizing module 'matrixMultiplication__parameterized0' [E:/Vivado/Projects/ANN/ANN.srcs/sources_1/new/matrixMultiplication.vhd:16]
	Parameter C1 bound to: 10 - type: integer 
	Parameter R1 bound to: 10 - type: integer 
	Parameter C2 bound to: 10 - type: integer 
	Parameter R2 bound to: 2 - type: integer 
INFO: [Synth 8-256] done synthesizing module 'matrixMultiplication__parameterized0' (4#1) [E:/Vivado/Projects/ANN/ANN.srcs/sources_1/new/matrixMultiplication.vhd:16]
INFO: [Synth 8-638] synthesizing module 'softMax' [E:/Vivado/Projects/ANN/ANN.srcs/sources_1/new/softMax.vhd:13]
	Parameter numNeurons bound to: 10 - type: integer 
INFO: [Synth 8-256] done synthesizing module 'softMax' (5#1) [E:/Vivado/Projects/ANN/ANN.srcs/sources_1/new/softMax.vhd:13]
WARNING: [Synth 8-3848] Net out_We_B[0,1] in module/entity outputLayer does not have driver. [E:/Vivado/Projects/ANN/ANN.srcs/sources_1/new/ouputLayer.vhd:17]
WARNING: [Synth 8-3848] Net out_We_B[1,1] in module/entity outputLayer does not have driver. [E:/Vivado/Projects/ANN/ANN.srcs/sources_1/new/ouputLayer.vhd:17]
WARNING: [Synth 8-3848] Net out_We_B[2,1] in module/entity outputLayer does not have driver. [E:/Vivado/Projects/ANN/ANN.srcs/sources_1/new/ouputLayer.vhd:17]
WARNING: [Synth 8-3848] Net out_We_B[3,1] in module/entity outputLayer does not have driver. [E:/Vivado/Projects/ANN/ANN.srcs/sources_1/new/ouputLayer.vhd:17]
WARNING: [Synth 8-3848] Net out_We_B[4,1] in module/entity outputLayer does not have driver. [E:/Vivado/Projects/ANN/ANN.srcs/sources_1/new/ouputLayer.vhd:17]
WARNING: [Synth 8-3848] Net out_We_B[5,1] in module/entity outputLayer does not have driver. [E:/Vivado/Projects/ANN/ANN.srcs/sources_1/new/ouputLayer.vhd:17]
WARNING: [Synth 8-3848] Net out_We_B[6,1] in module/entity outputLayer does not have driver. [E:/Vivado/Projects/ANN/ANN.srcs/sources_1/new/ouputLayer.vhd:17]
WARNING: [Synth 8-3848] Net out_We_B[7,1] in module/entity outputLayer does not have driver. [E:/Vivado/Projects/ANN/ANN.srcs/sources_1/new/ouputLayer.vhd:17]
WARNING: [Synth 8-3848] Net out_We_B[8,1] in module/entity outputLayer does not have driver. [E:/Vivado/Projects/ANN/ANN.srcs/sources_1/new/ouputLayer.vhd:17]
WARNING: [Synth 8-3848] Net out_We_B[9,1] in module/entity outputLayer does not have driver. [E:/Vivado/Projects/ANN/ANN.srcs/sources_1/new/ouputLayer.vhd:17]
INFO: [Synth 8-256] done synthesizing module 'outputLayer' (6#1) [E:/Vivado/Projects/ANN/ANN.srcs/sources_1/new/ouputLayer.vhd:15]
INFO: [Synth 8-256] done synthesizing module 'network' (7#1) [E:/Vivado/Projects/ANN/ANN.srcs/sources_1/new/network.vhd:13]
INFO: [Synth 8-638] synthesizing module 'SSD' [E:/Vivado/Projects/ANN/ANN.srcs/sources_1/new/SSD.vhd:15]
INFO: [Synth 8-226] default block is never used [E:/Vivado/Projects/ANN/ANN.srcs/sources_1/new/SSD.vhd:35]
INFO: [Synth 8-226] default block is never used [E:/Vivado/Projects/ANN/ANN.srcs/sources_1/new/SSD.vhd:46]
WARNING: [Synth 8-614] signal 'sin' is read in the process but is not in the sensitivity list [E:/Vivado/Projects/ANN/ANN.srcs/sources_1/new/SSD.vhd:44]
INFO: [Synth 8-226] default block is never used [E:/Vivado/Projects/ANN/ANN.srcs/sources_1/new/SSD.vhd:57]
INFO: [Synth 8-256] done synthesizing module 'SSD' (8#1) [E:/Vivado/Projects/ANN/ANN.srcs/sources_1/new/SSD.vhd:15]
INFO: [Synth 8-256] done synthesizing module 'main' (9#1) [E:/Vivado/Projects/ANN/ANN.srcs/sources_1/new/main.vhd:16]
WARNING: [Synth 8-3331] design softMax has unconnected port X[0,1][31]
WARNING: [Synth 8-3331] design softMax has unconnected port X[0,1][30]
WARNING: [Synth 8-3331] design softMax has unconnected port X[0,1][29]
WARNING: [Synth 8-3331] design softMax has unconnected port X[0,1][28]
WARNING: [Synth 8-3331] design softMax has unconnected port X[0,1][27]
WARNING: [Synth 8-3331] design softMax has unconnected port X[0,1][26]
WARNING: [Synth 8-3331] design softMax has unconnected port X[0,1][25]
WARNING: [Synth 8-3331] design softMax has unconnected port X[0,1][24]
WARNING: [Synth 8-3331] design softMax has unconnected port X[0,1][23]
WARNING: [Synth 8-3331] design softMax has unconnected port X[0,1][22]
WARNING: [Synth 8-3331] design softMax has unconnected port X[0,1][21]
WARNING: [Synth 8-3331] design softMax has unconnected port X[0,1][20]
WARNING: [Synth 8-3331] design softMax has unconnected port X[0,1][19]
WARNING: [Synth 8-3331] design softMax has unconnected port X[0,1][18]
WARNING: [Synth 8-3331] design softMax has unconnected port X[0,1][17]
WARNING: [Synth 8-3331] design softMax has unconnected port X[0,1][16]
WARNING: [Synth 8-3331] design softMax has unconnected port X[0,1][15]
WARNING: [Synth 8-3331] design softMax has unconnected port X[0,1][14]
WARNING: [Synth 8-3331] design softMax has unconnected port X[0,1][13]
WARNING: [Synth 8-3331] design softMax has unconnected port X[0,1][12]
WARNING: [Synth 8-3331] design softMax has unconnected port X[0,1][11]
WARNING: [Synth 8-3331] design softMax has unconnected port X[0,1][10]
WARNING: [Synth 8-3331] design softMax has unconnected port X[0,1][9]
WARNING: [Synth 8-3331] design softMax has unconnected port X[0,1][8]
WARNING: [Synth 8-3331] design softMax has unconnected port X[0,1][7]
WARNING: [Synth 8-3331] design softMax has unconnected port X[0,1][6]
WARNING: [Synth 8-3331] design softMax has unconnected port X[0,1][5]
WARNING: [Synth 8-3331] design softMax has unconnected port X[0,1][4]
WARNING: [Synth 8-3331] design softMax has unconnected port X[0,1][3]
WARNING: [Synth 8-3331] design softMax has unconnected port X[0,1][2]
WARNING: [Synth 8-3331] design softMax has unconnected port X[0,1][1]
WARNING: [Synth 8-3331] design softMax has unconnected port X[0,1][0]
WARNING: [Synth 8-3331] design softMax has unconnected port X[1,1][31]
WARNING: [Synth 8-3331] design softMax has unconnected port X[1,1][30]
WARNING: [Synth 8-3331] design softMax has unconnected port X[1,1][29]
WARNING: [Synth 8-3331] design softMax has unconnected port X[1,1][28]
WARNING: [Synth 8-3331] design softMax has unconnected port X[1,1][27]
WARNING: [Synth 8-3331] design softMax has unconnected port X[1,1][26]
WARNING: [Synth 8-3331] design softMax has unconnected port X[1,1][25]
WARNING: [Synth 8-3331] design softMax has unconnected port X[1,1][24]
WARNING: [Synth 8-3331] design softMax has unconnected port X[1,1][23]
WARNING: [Synth 8-3331] design softMax has unconnected port X[1,1][22]
WARNING: [Synth 8-3331] design softMax has unconnected port X[1,1][21]
WARNING: [Synth 8-3331] design softMax has unconnected port X[1,1][20]
WARNING: [Synth 8-3331] design softMax has unconnected port X[1,1][19]
WARNING: [Synth 8-3331] design softMax has unconnected port X[1,1][18]
WARNING: [Synth 8-3331] design softMax has unconnected port X[1,1][17]
WARNING: [Synth 8-3331] design softMax has unconnected port X[1,1][16]
WARNING: [Synth 8-3331] design softMax has unconnected port X[1,1][15]
WARNING: [Synth 8-3331] design softMax has unconnected port X[1,1][14]
WARNING: [Synth 8-3331] design softMax has unconnected port X[1,1][13]
WARNING: [Synth 8-3331] design softMax has unconnected port X[1,1][12]
WARNING: [Synth 8-3331] design softMax has unconnected port X[1,1][11]
WARNING: [Synth 8-3331] design softMax has unconnected port X[1,1][10]
WARNING: [Synth 8-3331] design softMax has unconnected port X[1,1][9]
WARNING: [Synth 8-3331] design softMax has unconnected port X[1,1][8]
WARNING: [Synth 8-3331] design softMax has unconnected port X[1,1][7]
WARNING: [Synth 8-3331] design softMax has unconnected port X[1,1][6]
WARNING: [Synth 8-3331] design softMax has unconnected port X[1,1][5]
WARNING: [Synth 8-3331] design softMax has unconnected port X[1,1][4]
WARNING: [Synth 8-3331] design softMax has unconnected port X[1,1][3]
WARNING: [Synth 8-3331] design softMax has unconnected port X[1,1][2]
WARNING: [Synth 8-3331] design softMax has unconnected port X[1,1][1]
WARNING: [Synth 8-3331] design softMax has unconnected port X[1,1][0]
WARNING: [Synth 8-3331] design softMax has unconnected port X[2,1][31]
WARNING: [Synth 8-3331] design softMax has unconnected port X[2,1][30]
WARNING: [Synth 8-3331] design softMax has unconnected port X[2,1][29]
WARNING: [Synth 8-3331] design softMax has unconnected port X[2,1][28]
WARNING: [Synth 8-3331] design softMax has unconnected port X[2,1][27]
WARNING: [Synth 8-3331] design softMax has unconnected port X[2,1][26]
WARNING: [Synth 8-3331] design softMax has unconnected port X[2,1][25]
WARNING: [Synth 8-3331] design softMax has unconnected port X[2,1][24]
WARNING: [Synth 8-3331] design softMax has unconnected port X[2,1][23]
WARNING: [Synth 8-3331] design softMax has unconnected port X[2,1][22]
WARNING: [Synth 8-3331] design softMax has unconnected port X[2,1][21]
WARNING: [Synth 8-3331] design softMax has unconnected port X[2,1][20]
WARNING: [Synth 8-3331] design softMax has unconnected port X[2,1][19]
WARNING: [Synth 8-3331] design softMax has unconnected port X[2,1][18]
WARNING: [Synth 8-3331] design softMax has unconnected port X[2,1][17]
WARNING: [Synth 8-3331] design softMax has unconnected port X[2,1][16]
WARNING: [Synth 8-3331] design softMax has unconnected port X[2,1][15]
WARNING: [Synth 8-3331] design softMax has unconnected port X[2,1][14]
WARNING: [Synth 8-3331] design softMax has unconnected port X[2,1][13]
WARNING: [Synth 8-3331] design softMax has unconnected port X[2,1][12]
WARNING: [Synth 8-3331] design softMax has unconnected port X[2,1][11]
WARNING: [Synth 8-3331] design softMax has unconnected port X[2,1][10]
WARNING: [Synth 8-3331] design softMax has unconnected port X[2,1][9]
WARNING: [Synth 8-3331] design softMax has unconnected port X[2,1][8]
WARNING: [Synth 8-3331] design softMax has unconnected port X[2,1][7]
WARNING: [Synth 8-3331] design softMax has unconnected port X[2,1][6]
WARNING: [Synth 8-3331] design softMax has unconnected port X[2,1][5]
WARNING: [Synth 8-3331] design softMax has unconnected port X[2,1][4]
WARNING: [Synth 8-3331] design softMax has unconnected port X[2,1][3]
WARNING: [Synth 8-3331] design softMax has unconnected port X[2,1][2]
WARNING: [Synth 8-3331] design softMax has unconnected port X[2,1][1]
WARNING: [Synth 8-3331] design softMax has unconnected port X[2,1][0]
WARNING: [Synth 8-3331] design softMax has unconnected port X[3,1][31]
WARNING: [Synth 8-3331] design softMax has unconnected port X[3,1][30]
WARNING: [Synth 8-3331] design softMax has unconnected port X[3,1][29]
WARNING: [Synth 8-3331] design softMax has unconnected port X[3,1][28]
INFO: [Common 17-14] Message 'Synth 8-3331' appears 100 times and further instances of the messages will be disabled. Use the Tcl command set_msg_config to change the current settings.
---------------------------------------------------------------------------------
Finished RTL Elaboration : Time (s): cpu = 00:00:32 ; elapsed = 00:00:36 . Memory (MB): peak = 1407.691 ; gain = 827.516
---------------------------------------------------------------------------------

Report Check Netlist: 
+------+------------------+-------+---------+-------+------------------+
|      |Item              |Errors |Warnings |Status |Description       |
+------+------------------+-------+---------+-------+------------------+
|1     |multi_driven_nets |      0|        0|Passed |Multi driven nets |
+------+------------------+-------+---------+-------+------------------+
---------------------------------------------------------------------------------
Start Handling Custom Attributes
---------------------------------------------------------------------------------
---------------------------------------------------------------------------------
Finished Handling Custom Attributes : Time (s): cpu = 00:00:38 ; elapsed = 00:00:43 . Memory (MB): peak = 1407.691 ; gain = 827.516
---------------------------------------------------------------------------------
---------------------------------------------------------------------------------
Finished RTL Optimization Phase 1 : Time (s): cpu = 00:00:38 ; elapsed = 00:00:43 . Memory (MB): peak = 1407.691 ; gain = 827.516
---------------------------------------------------------------------------------
Netlist sorting complete. Time (s): cpu = 00:00:06 ; elapsed = 00:00:06 . Memory (MB): peak = 1714.887 ; gain = 27.090
INFO: [Project 1-570] Preparing netlist for logic optimization

Processing XDC Constraints
Initializing timing engine
Parsing XDC File [E:/Vivado/Projects/ANN/ANN.srcs/constrs_1/new/constr.xdc]
WARNING: [Vivado 12-584] No ports matched 'cat[7]'. [E:/Vivado/Projects/ANN/ANN.srcs/constrs_1/new/constr.xdc:62]
CRITICAL WARNING: [Common 17-55] 'set_property' expects at least one object. [E:/Vivado/Projects/ANN/ANN.srcs/constrs_1/new/constr.xdc:62]
Resolution: If [get_<value>] was used to populate the object, check to make sure this command returns at least one valid object.
Finished Parsing XDC File [E:/Vivado/Projects/ANN/ANN.srcs/constrs_1/new/constr.xdc]
INFO: [Project 1-236] Implementation specific constraints were found while reading constraint file [E:/Vivado/Projects/ANN/ANN.srcs/constrs_1/new/constr.xdc]. These constraints will be ignored for synthesis but will be used in implementation. Impacted constraints are listed in the file [.Xil/main_propImpl.xdc].
Resolution: To avoid this warning, move constraints listed in [.Xil/main_propImpl.xdc] to another XDC file and exclude this new file from synthesis with the used_in_synthesis property (File Properties dialog in GUI) and re-run elaboration/synthesis.
Completed Processing XDC Constraints

Netlist sorting complete. Time (s): cpu = 00:00:00 ; elapsed = 00:00:00.008 . Memory (MB): peak = 2257.961 ; gain = 0.000
INFO: [Project 1-111] Unisim Transformation Summary:
No Unisim elements were transformed.

Constraint Validation Runtime : Time (s): cpu = 00:00:00 ; elapsed = 00:00:00.090 . Memory (MB): peak = 2257.961 ; gain = 0.000
---------------------------------------------------------------------------------
Finished Constraint Validation : Time (s): cpu = 00:02:14 ; elapsed = 00:02:17 . Memory (MB): peak = 2257.961 ; gain = 1677.785
---------------------------------------------------------------------------------
INFO: [Synth 8-5580] Multithreading enabled for synth_design using a maximum of 2 processes.
---------------------------------------------------------------------------------
Start Loading Part and Timing Information
---------------------------------------------------------------------------------
Loading part: xc7a100tcsg324-1
INFO: [Synth 8-5845] Not enough pipeline registers after wide multiplier. Recommended levels of pipeline registers is 4 [E:/Vivado/Projects/ANN/ANN.srcs/sources_1/new/matrixMultiplication.vhd:39]
INFO: [Synth 8-5845] Not enough pipeline registers after wide multiplier. Recommended levels of pipeline registers is 4 [E:/Vivado/Projects/ANN/ANN.srcs/sources_1/new/matrixMultiplication.vhd:39]
INFO: [Synth 8-5845] Not enough pipeline registers after wide multiplier. Recommended levels of pipeline registers is 4 [E:/Vivado/Projects/ANN/ANN.srcs/sources_1/new/matrixMultiplication.vhd:39]
INFO: [Synth 8-5845] Not enough pipeline registers after wide multiplier. Recommended levels of pipeline registers is 4 [E:/Vivado/Projects/ANN/ANN.srcs/sources_1/new/matrixMultiplication.vhd:39]
INFO: [Synth 8-5845] Not enough pipeline registers after wide multiplier. Recommended levels of pipeline registers is 4 [E:/Vivado/Projects/ANN/ANN.srcs/sources_1/new/matrixMultiplication.vhd:39]
INFO: [Synth 8-5845] Not enough pipeline registers after wide multiplier. Recommended levels of pipeline registers is 4 [E:/Vivado/Projects/ANN/ANN.srcs/sources_1/new/matrixMultiplication.vhd:39]
INFO: [Synth 8-5845] Not enough pipeline registers after wide multiplier. Recommended levels of pipeline registers is 4 [E:/Vivado/Projects/ANN/ANN.srcs/sources_1/new/matrixMultiplication.vhd:39]
INFO: [Synth 8-5845] Not enough pipeline registers after wide multiplier. Recommended levels of pipeline registers is 4 [E:/Vivado/Projects/ANN/ANN.srcs/sources_1/new/matrixMultiplication.vhd:39]
INFO: [Synth 8-5845] Not enough pipeline registers after wide multiplier. Recommended levels of pipeline registers is 4 [E:/Vivado/Projects/ANN/ANN.srcs/sources_1/new/matrixMultiplication.vhd:39]
INFO: [Synth 8-5845] Not enough pipeline registers after wide multiplier. Recommended levels of pipeline registers is 4 [E:/Vivado/Projects/ANN/ANN.srcs/sources_1/new/matrixMultiplication.vhd:39]
INFO: [Synth 8-5845] Not enough pipeline registers after wide multiplier. Recommended levels of pipeline registers is 4 [E:/Vivado/Projects/ANN/ANN.srcs/sources_1/new/matrixMultiplication.vhd:39]
INFO: [Synth 8-5845] Not enough pipeline registers after wide multiplier. Recommended levels of pipeline registers is 4 [E:/Vivado/Projects/ANN/ANN.srcs/sources_1/new/matrixMultiplication.vhd:39]
INFO: [Synth 8-5845] Not enough pipeline registers after wide multiplier. Recommended levels of pipeline registers is 4 [E:/Vivado/Projects/ANN/ANN.srcs/sources_1/new/matrixMultiplication.vhd:39]
INFO: [Synth 8-5845] Not enough pipeline registers after wide multiplier. Recommended levels of pipeline registers is 4 [E:/Vivado/Projects/ANN/ANN.srcs/sources_1/new/matrixMultiplication.vhd:39]
INFO: [Synth 8-5845] Not enough pipeline registers after wide multiplier. Recommended levels of pipeline registers is 4 [E:/Vivado/Projects/ANN/ANN.srcs/sources_1/new/matrixMultiplication.vhd:39]
INFO: [Synth 8-5845] Not enough pipeline registers after wide multiplier. Recommended levels of pipeline registers is 4 [E:/Vivado/Projects/ANN/ANN.srcs/sources_1/new/matrixMultiplication.vhd:39]
INFO: [Synth 8-5845] Not enough pipeline registers after wide multiplier. Recommended levels of pipeline registers is 4 [E:/Vivado/Projects/ANN/ANN.srcs/sources_1/new/matrixMultiplication.vhd:39]
INFO: [Synth 8-5845] Not enough pipeline registers after wide multiplier. Recommended levels of pipeline registers is 4 [E:/Vivado/Projects/ANN/ANN.srcs/sources_1/new/matrixMultiplication.vhd:39]
INFO: [Synth 8-5845] Not enough pipeline registers after wide multiplier. Recommended levels of pipeline registers is 4 [E:/Vivado/Projects/ANN/ANN.srcs/sources_1/new/matrixMultiplication.vhd:39]
INFO: [Synth 8-5845] Not enough pipeline registers after wide multiplier. Recommended levels of pipeline registers is 4 [E:/Vivado/Projects/ANN/ANN.srcs/sources_1/new/matrixMultiplication.vhd:39]
INFO: [Synth 8-5845] Not enough pipeline registers after wide multiplier. Recommended levels of pipeline registers is 4 [E:/Vivado/Projects/ANN/ANN.srcs/sources_1/new/matrixMultiplication.vhd:39]
INFO: [Synth 8-5845] Not enough pipeline registers after wide multiplier. Recommended levels of pipeline registers is 4 [E:/Vivado/Projects/ANN/ANN.srcs/sources_1/new/matrixMultiplication.vhd:39]
INFO: [Synth 8-5845] Not enough pipeline registers after wide multiplier. Recommended levels of pipeline registers is 4 [E:/Vivado/Projects/ANN/ANN.srcs/sources_1/new/matrixMultiplication.vhd:39]
INFO: [Synth 8-5845] Not enough pipeline registers after wide multiplier. Recommended levels of pipeline registers is 4 [E:/Vivado/Projects/ANN/ANN.srcs/sources_1/new/matrixMultiplication.vhd:39]
INFO: [Synth 8-5845] Not enough pipeline registers after wide multiplier. Recommended levels of pipeline registers is 4 [E:/Vivado/Projects/ANN/ANN.srcs/sources_1/new/matrixMultiplication.vhd:39]
INFO: [Synth 8-5845] Not enough pipeline registers after wide multiplier. Recommended levels of pipeline registers is 4 [E:/Vivado/Projects/ANN/ANN.srcs/sources_1/new/matrixMultiplication.vhd:39]
INFO: [Synth 8-5845] Not enough pipeline registers after wide multiplier. Recommended levels of pipeline registers is 4 [E:/Vivado/Projects/ANN/ANN.srcs/sources_1/new/matrixMultiplication.vhd:39]
INFO: [Synth 8-5845] Not enough pipeline registers after wide multiplier. Recommended levels of pipeline registers is 4 [E:/Vivado/Projects/ANN/ANN.srcs/sources_1/new/matrixMultiplication.vhd:39]
INFO: [Synth 8-5845] Not enough pipeline registers after wide multiplier. Recommended levels of pipeline registers is 4 [E:/Vivado/Projects/ANN/ANN.srcs/sources_1/new/matrixMultiplication.vhd:39]
INFO: [Synth 8-5845] Not enough pipeline registers after wide multiplier. Recommended levels of pipeline registers is 4 [E:/Vivado/Projects/ANN/ANN.srcs/sources_1/new/matrixMultiplication.vhd:39]
INFO: [Synth 8-5845] Not enough pipeline registers after wide multiplier. Recommended levels of pipeline registers is 4 [E:/Vivado/Projects/ANN/ANN.srcs/sources_1/new/matrixMultiplication.vhd:39]
INFO: [Synth 8-5845] Not enough pipeline registers after wide multiplier. Recommended levels of pipeline registers is 4 [E:/Vivado/Projects/ANN/ANN.srcs/sources_1/new/matrixMultiplication.vhd:39]
INFO: [Synth 8-5845] Not enough pipeline registers after wide multiplier. Recommended levels of pipeline registers is 4 [E:/Vivado/Projects/ANN/ANN.srcs/sources_1/new/matrixMultiplication.vhd:39]
INFO: [Synth 8-5845] Not enough pipeline registers after wide multiplier. Recommended levels of pipeline registers is 4 [E:/Vivado/Projects/ANN/ANN.srcs/sources_1/new/matrixMultiplication.vhd:39]
INFO: [Synth 8-5845] Not enough pipeline registers after wide multiplier. Recommended levels of pipeline registers is 4 [E:/Vivado/Projects/ANN/ANN.srcs/sources_1/new/matrixMultiplication.vhd:39]
INFO: [Synth 8-5845] Not enough pipeline registers after wide multiplier. Recommended levels of pipeline registers is 4 [E:/Vivado/Projects/ANN/ANN.srcs/sources_1/new/matrixMultiplication.vhd:39]
INFO: [Synth 8-5845] Not enough pipeline registers after wide multiplier. Recommended levels of pipeline registers is 4 [E:/Vivado/Projects/ANN/ANN.srcs/sources_1/new/matrixMultiplication.vhd:39]
INFO: [Synth 8-5845] Not enough pipeline registers after wide multiplier. Recommended levels of pipeline registers is 4 [E:/Vivado/Projects/ANN/ANN.srcs/sources_1/new/matrixMultiplication.vhd:39]
INFO: [Synth 8-5845] Not enough pipeline registers after wide multiplier. Recommended levels of pipeline registers is 4 [E:/Vivado/Projects/ANN/ANN.srcs/sources_1/new/matrixMultiplication.vhd:39]
INFO: [Synth 8-5845] Not enough pipeline registers after wide multiplier. Recommended levels of pipeline registers is 4 [E:/Vivado/Projects/ANN/ANN.srcs/sources_1/new/matrixMultiplication.vhd:39]
INFO: [Synth 8-5845] Not enough pipeline registers after wide multiplier. Recommended levels of pipeline registers is 4 [E:/Vivado/Projects/ANN/ANN.srcs/sources_1/new/matrixMultiplication.vhd:39]
INFO: [Synth 8-5845] Not enough pipeline registers after wide multiplier. Recommended levels of pipeline registers is 4 [E:/Vivado/Projects/ANN/ANN.srcs/sources_1/new/matrixMultiplication.vhd:39]
INFO: [Synth 8-5845] Not enough pipeline registers after wide multiplier. Recommended levels of pipeline registers is 4 [E:/Vivado/Projects/ANN/ANN.srcs/sources_1/new/matrixMultiplication.vhd:39]
INFO: [Synth 8-5845] Not enough pipeline registers after wide multiplier. Recommended levels of pipeline registers is 4 [E:/Vivado/Projects/ANN/ANN.srcs/sources_1/new/matrixMultiplication.vhd:39]
INFO: [Synth 8-5845] Not enough pipeline registers after wide multiplier. Recommended levels of pipeline registers is 4 [E:/Vivado/Projects/ANN/ANN.srcs/sources_1/new/matrixMultiplication.vhd:39]
INFO: [Synth 8-5845] Not enough pipeline registers after wide multiplier. Recommended levels of pipeline registers is 4 [E:/Vivado/Projects/ANN/ANN.srcs/sources_1/new/matrixMultiplication.vhd:39]
INFO: [Synth 8-5845] Not enough pipeline registers after wide multiplier. Recommended levels of pipeline registers is 4 [E:/Vivado/Projects/ANN/ANN.srcs/sources_1/new/matrixMultiplication.vhd:39]
INFO: [Synth 8-5845] Not enough pipeline registers after wide multiplier. Recommended levels of pipeline registers is 4 [E:/Vivado/Projects/ANN/ANN.srcs/sources_1/new/matrixMultiplication.vhd:39]
INFO: [Synth 8-5845] Not enough pipeline registers after wide multiplier. Recommended levels of pipeline registers is 4 [E:/Vivado/Projects/ANN/ANN.srcs/sources_1/new/matrixMultiplication.vhd:39]
INFO: [Synth 8-5845] Not enough pipeline registers after wide multiplier. Recommended levels of pipeline registers is 4 [E:/Vivado/Projects/ANN/ANN.srcs/sources_1/new/matrixMultiplication.vhd:39]
INFO: [Synth 8-5845] Not enough pipeline registers after wide multiplier. Recommended levels of pipeline registers is 4 [E:/Vivado/Projects/ANN/ANN.srcs/sources_1/new/matrixMultiplication.vhd:39]
INFO: [Synth 8-5845] Not enough pipeline registers after wide multiplier. Recommended levels of pipeline registers is 4 [E:/Vivado/Projects/ANN/ANN.srcs/sources_1/new/matrixMultiplication.vhd:39]
INFO: [Synth 8-5845] Not enough pipeline registers after wide multiplier. Recommended levels of pipeline registers is 4 [E:/Vivado/Projects/ANN/ANN.srcs/sources_1/new/matrixMultiplication.vhd:39]
INFO: [Synth 8-5845] Not enough pipeline registers after wide multiplier. Recommended levels of pipeline registers is 4 [E:/Vivado/Projects/ANN/ANN.srcs/sources_1/new/matrixMultiplication.vhd:39]
INFO: [Synth 8-5845] Not enough pipeline registers after wide multiplier. Recommended levels of pipeline registers is 4 [E:/Vivado/Projects/ANN/ANN.srcs/sources_1/new/matrixMultiplication.vhd:39]
INFO: [Synth 8-5845] Not enough pipeline registers after wide multiplier. Recommended levels of pipeline registers is 4 [E:/Vivado/Projects/ANN/ANN.srcs/sources_1/new/matrixMultiplication.vhd:39]
INFO: [Synth 8-5845] Not enough pipeline registers after wide multiplier. Recommended levels of pipeline registers is 4 [E:/Vivado/Projects/ANN/ANN.srcs/sources_1/new/matrixMultiplication.vhd:39]
INFO: [Synth 8-5845] Not enough pipeline registers after wide multiplier. Recommended levels of pipeline registers is 4 [E:/Vivado/Projects/ANN/ANN.srcs/sources_1/new/matrixMultiplication.vhd:39]
INFO: [Synth 8-5845] Not enough pipeline registers after wide multiplier. Recommended levels of pipeline registers is 4 [E:/Vivado/Projects/ANN/ANN.srcs/sources_1/new/matrixMultiplication.vhd:39]
INFO: [Synth 8-5845] Not enough pipeline registers after wide multiplier. Recommended levels of pipeline registers is 4 [E:/Vivado/Projects/ANN/ANN.srcs/sources_1/new/matrixMultiplication.vhd:39]
INFO: [Synth 8-5845] Not enough pipeline registers after wide multiplier. Recommended levels of pipeline registers is 4 [E:/Vivado/Projects/ANN/ANN.srcs/sources_1/new/matrixMultiplication.vhd:39]
INFO: [Synth 8-5845] Not enough pipeline registers after wide multiplier. Recommended levels of pipeline registers is 4 [E:/Vivado/Projects/ANN/ANN.srcs/sources_1/new/matrixMultiplication.vhd:39]
INFO: [Synth 8-5845] Not enough pipeline registers after wide multiplier. Recommended levels of pipeline registers is 4 [E:/Vivado/Projects/ANN/ANN.srcs/sources_1/new/matrixMultiplication.vhd:39]
INFO: [Synth 8-5845] Not enough pipeline registers after wide multiplier. Recommended levels of pipeline registers is 4 [E:/Vivado/Projects/ANN/ANN.srcs/sources_1/new/matrixMultiplication.vhd:39]
INFO: [Synth 8-5845] Not enough pipeline registers after wide multiplier. Recommended levels of pipeline registers is 4 [E:/Vivado/Projects/ANN/ANN.srcs/sources_1/new/matrixMultiplication.vhd:39]
INFO: [Synth 8-5845] Not enough pipeline registers after wide multiplier. Recommended levels of pipeline registers is 4 [E:/Vivado/Projects/ANN/ANN.srcs/sources_1/new/matrixMultiplication.vhd:39]
INFO: [Synth 8-5845] Not enough pipeline registers after wide multiplier. Recommended levels of pipeline registers is 4 [E:/Vivado/Projects/ANN/ANN.srcs/sources_1/new/matrixMultiplication.vhd:39]
INFO: [Synth 8-5845] Not enough pipeline registers after wide multiplier. Recommended levels of pipeline registers is 4 [E:/Vivado/Projects/ANN/ANN.srcs/sources_1/new/matrixMultiplication.vhd:39]
INFO: [Synth 8-5845] Not enough pipeline registers after wide multiplier. Recommended levels of pipeline registers is 4 [E:/Vivado/Projects/ANN/ANN.srcs/sources_1/new/matrixMultiplication.vhd:39]
INFO: [Synth 8-5845] Not enough pipeline registers after wide multiplier. Recommended levels of pipeline registers is 4 [E:/Vivado/Projects/ANN/ANN.srcs/sources_1/new/matrixMultiplication.vhd:39]
INFO: [Synth 8-5845] Not enough pipeline registers after wide multiplier. Recommended levels of pipeline registers is 4 [E:/Vivado/Projects/ANN/ANN.srcs/sources_1/new/matrixMultiplication.vhd:39]
INFO: [Synth 8-5845] Not enough pipeline registers after wide multiplier. Recommended levels of pipeline registers is 4 [E:/Vivado/Projects/ANN/ANN.srcs/sources_1/new/matrixMultiplication.vhd:39]
INFO: [Synth 8-5845] Not enough pipeline registers after wide multiplier. Recommended levels of pipeline registers is 4 [E:/Vivado/Projects/ANN/ANN.srcs/sources_1/new/matrixMultiplication.vhd:39]
INFO: [Synth 8-5845] Not enough pipeline registers after wide multiplier. Recommended levels of pipeline registers is 4 [E:/Vivado/Projects/ANN/ANN.srcs/sources_1/new/matrixMultiplication.vhd:39]
INFO: [Synth 8-5845] Not enough pipeline registers after wide multiplier. Recommended levels of pipeline registers is 4 [E:/Vivado/Projects/ANN/ANN.srcs/sources_1/new/matrixMultiplication.vhd:39]
INFO: [Synth 8-5845] Not enough pipeline registers after wide multiplier. Recommended levels of pipeline registers is 4 [E:/Vivado/Projects/ANN/ANN.srcs/sources_1/new/matrixMultiplication.vhd:39]
INFO: [Synth 8-5845] Not enough pipeline registers after wide multiplier. Recommended levels of pipeline registers is 4 [E:/Vivado/Projects/ANN/ANN.srcs/sources_1/new/matrixMultiplication.vhd:39]
INFO: [Synth 8-5845] Not enough pipeline registers after wide multiplier. Recommended levels of pipeline registers is 4 [E:/Vivado/Projects/ANN/ANN.srcs/sources_1/new/matrixMultiplication.vhd:39]
INFO: [Synth 8-5845] Not enough pipeline registers after wide multiplier. Recommended levels of pipeline registers is 4 [E:/Vivado/Projects/ANN/ANN.srcs/sources_1/new/matrixMultiplication.vhd:39]
INFO: [Synth 8-5845] Not enough pipeline registers after wide multiplier. Recommended levels of pipeline registers is 4 [E:/Vivado/Projects/ANN/ANN.srcs/sources_1/new/matrixMultiplication.vhd:39]
INFO: [Synth 8-5845] Not enough pipeline registers after wide multiplier. Recommended levels of pipeline registers is 4 [E:/Vivado/Projects/ANN/ANN.srcs/sources_1/new/matrixMultiplication.vhd:39]
INFO: [Synth 8-5845] Not enough pipeline registers after wide multiplier. Recommended levels of pipeline registers is 4 [E:/Vivado/Projects/ANN/ANN.srcs/sources_1/new/matrixMultiplication.vhd:39]
INFO: [Synth 8-5845] Not enough pipeline registers after wide multiplier. Recommended levels of pipeline registers is 4 [E:/Vivado/Projects/ANN/ANN.srcs/sources_1/new/matrixMultiplication.vhd:39]
INFO: [Synth 8-5845] Not enough pipeline registers after wide multiplier. Recommended levels of pipeline registers is 4 [E:/Vivado/Projects/ANN/ANN.srcs/sources_1/new/matrixMultiplication.vhd:39]
INFO: [Synth 8-5845] Not enough pipeline registers after wide multiplier. Recommended levels of pipeline registers is 4 [E:/Vivado/Projects/ANN/ANN.srcs/sources_1/new/matrixMultiplication.vhd:39]
INFO: [Synth 8-5845] Not enough pipeline registers after wide multiplier. Recommended levels of pipeline registers is 4 [E:/Vivado/Projects/ANN/ANN.srcs/sources_1/new/matrixMultiplication.vhd:39]
INFO: [Synth 8-5845] Not enough pipeline registers after wide multiplier. Recommended levels of pipeline registers is 4 [E:/Vivado/Projects/ANN/ANN.srcs/sources_1/new/matrixMultiplication.vhd:39]
INFO: [Synth 8-5845] Not enough pipeline registers after wide multiplier. Recommended levels of pipeline registers is 4 [E:/Vivado/Projects/ANN/ANN.srcs/sources_1/new/matrixMultiplication.vhd:39]
INFO: [Synth 8-5845] Not enough pipeline registers after wide multiplier. Recommended levels of pipeline registers is 4 [E:/Vivado/Projects/ANN/ANN.srcs/sources_1/new/matrixMultiplication.vhd:39]
INFO: [Synth 8-5845] Not enough pipeline registers after wide multiplier. Recommended levels of pipeline registers is 4 [E:/Vivado/Projects/ANN/ANN.srcs/sources_1/new/matrixMultiplication.vhd:39]
INFO: [Synth 8-5845] Not enough pipeline registers after wide multiplier. Recommended levels of pipeline registers is 4 [E:/Vivado/Projects/ANN/ANN.srcs/sources_1/new/matrixMultiplication.vhd:39]
INFO: [Synth 8-5845] Not enough pipeline registers after wide multiplier. Recommended levels of pipeline registers is 4 [E:/Vivado/Projects/ANN/ANN.srcs/sources_1/new/matrixMultiplication.vhd:39]
INFO: [Synth 8-5845] Not enough pipeline registers after wide multiplier. Recommended levels of pipeline registers is 4 [E:/Vivado/Projects/ANN/ANN.srcs/sources_1/new/matrixMultiplication.vhd:39]
INFO: [Synth 8-5845] Not enough pipeline registers after wide multiplier. Recommended levels of pipeline registers is 4 [E:/Vivado/Projects/ANN/ANN.srcs/sources_1/new/matrixMultiplication.vhd:39]
INFO: [Synth 8-5845] Not enough pipeline registers after wide multiplier. Recommended levels of pipeline registers is 4 [E:/Vivado/Projects/ANN/ANN.srcs/sources_1/new/matrixMultiplication.vhd:39]
INFO: [Synth 8-5845] Not enough pipeline registers after wide multiplier. Recommended levels of pipeline registers is 4 [E:/Vivado/Projects/ANN/ANN.srcs/sources_1/new/matrixMultiplication.vhd:39]
INFO: [Synth 8-5845] Not enough pipeline registers after wide multiplier. Recommended levels of pipeline registers is 4 [E:/Vivado/Projects/ANN/ANN.srcs/sources_1/new/matrixMultiplication.vhd:39]
INFO: [Synth 8-5845] Not enough pipeline registers after wide multiplier. Recommended levels of pipeline registers is 4 [E:/Vivado/Projects/ANN/ANN.srcs/sources_1/new/matrixMultiplication.vhd:39]
INFO: [Synth 8-5845] Not enough pipeline registers after wide multiplier. Recommended levels of pipeline registers is 4 [E:/Vivado/Projects/ANN/ANN.srcs/sources_1/new/matrixMultiplication.vhd:39]
INFO: [Synth 8-5845] Not enough pipeline registers after wide multiplier. Recommended levels of pipeline registers is 4 [E:/Vivado/Projects/ANN/ANN.srcs/sources_1/new/matrixMultiplication.vhd:39]
INFO: [Common 17-14] Message 'Synth 8-5845' appears 100 times and further instances of the messages will be disabled. Use the Tcl command set_msg_config to change the current settings.
TclStackFree: incorrect freePtr. Call out of sequence?
