#-----------------------------------------------------------
# Vivado v2019.2 (64-bit)
# SW Build 2708876 on Wed Nov  6 21:40:23 MST 2019
# IP Build 2700528 on Thu Nov  7 00:09:20 MST 2019
# Start of session at: Thu Dec 10 17:11:37 2020
# Process ID: 15252
# Current directory: E:/Vivado/Projects/ANN
# Command line: vivado.exe -gui_launcher_event rodinguilauncherevent5484 E:\Vivado\Projects\ANN\ANN.xpr
# Log file: E:/Vivado/Projects/ANN/vivado.log
# Journal file: E:/Vivado/Projects/ANN\vivado.jou
#-----------------------------------------------------------
start_gui
open_project E:/Vivado/Projects/ANN/ANN.xpr
Scanning sources...
Finished scanning sources
INFO: [IP_Flow 19-234] Refreshing IP repositories
INFO: [IP_Flow 19-1704] No user IP repositories specified
INFO: [IP_Flow 19-2313] Loaded Vivado IP repository 'E:/Vivado/Vivado/2019.2/data/ip'.
open_project: Time (s): cpu = 00:00:14 ; elapsed = 00:00:15 . Memory (MB): peak = 656.941 ; gain = 79.414
update_compile_order -fileset sources_1
set_property strategy Flow_RuntimeOptimized [get_runs synth_1]
set_property strategy Flow_Quick [get_runs impl_1]
launch_runs impl_1 -to_step write_bitstream -jobs 2
[Thu Dec 10 17:13:58 2020] Launched synth_1...
Run output will be captured here: E:/Vivado/Projects/ANN/ANN.runs/synth_1/runme.log
[Thu Dec 10 17:13:59 2020] Launched impl_1...
Run output will be captured here: E:/Vivado/Projects/ANN/ANN.runs/impl_1/runme.log
